<?xml version="1.0" encoding="UTF-8"?>
<testng-results ignored="0" total="8" passed="8" failed="0" skipped="0">
  <reporter-output>
  </reporter-output>
  <suite started-at="2024-09-06T13:37:45 IST" name="Default suite" finished-at="2024-09-06T13:38:00 IST" duration-ms="14831">
    <groups>
      <group name="cucumber">
        <method signature="AbstractTestNGCucumberTests.runScenario(io.cucumber.testng.PickleWrapper,io.cucumber.testng.FeatureWrapper)[pri:0, instance:TestRunners.TestRunner@6fa51cd4]" name="runScenario" class="io.cucumber.testng.AbstractTestNGCucumberTests"/>
      </group> <!-- cucumber -->
    </groups>
    <test started-at="2024-09-06T13:37:45 IST" name="Default test" finished-at="2024-09-06T13:38:00 IST" duration-ms="14831">
      <class name="TestRunners.TestRunner">
        <test-method is-config="true" signature="setUpClass(org.testng.ITestContext)[pri:0, instance:TestRunners.TestRunner@6fa51cd4]" started-at="2024-09-06T13:37:45 IST" name="setUpClass" finished-at="2024-09-06T13:37:48 IST" duration-ms="3025" status="PASS">
          <params>
            <param index="0">
              <value>
                <![CDATA[org.testng.TestRunner@7afb9c93]]>
              </value>
            </param>
          </params>
          <reporter-output>
          </reporter-output>
        </test-method> <!-- setUpClass -->
        <test-method signature="runScenario(io.cucumber.testng.PickleWrapper,io.cucumber.testng.FeatureWrapper)[pri:0, instance:TestRunners.TestRunner@6fa51cd4]" started-at="2024-09-06T13:37:48 IST" name="runScenario" description="Runs Cucumber Scenarios" data-provider="scenarios" finished-at="2024-09-06T13:37:58 IST" duration-ms="9190" status="PASS">
          <params>
            <param index="0">
              <value>
                <![CDATA["Register a new user"]]>
              </value>
            </param>
            <param index="1">
              <value>
                <![CDATA["API Testing with Rest Assured"]]>
              </value>
            </param>
          </params>
          <reporter-output>
          </reporter-output>
        </test-method> <!-- runScenario -->
        <test-method signature="runScenario(io.cucumber.testng.PickleWrapper,io.cucumber.testng.FeatureWrapper)[pri:0, instance:TestRunners.TestRunner@6fa51cd4]" started-at="2024-09-06T13:37:58 IST" name="runScenario" description="Runs Cucumber Scenarios" data-provider="scenarios" finished-at="2024-09-06T13:37:58 IST" duration-ms="247" status="PASS">
          <params>
            <param index="0">
              <value>
                <![CDATA["Login a user"]]>
              </value>
            </param>
            <param index="1">
              <value>
                <![CDATA["API Testing with Rest Assured"]]>
              </value>
            </param>
          </params>
          <reporter-output>
          </reporter-output>
        </test-method> <!-- runScenario -->
        <test-method signature="runScenario(io.cucumber.testng.PickleWrapper,io.cucumber.testng.FeatureWrapper)[pri:0, instance:TestRunners.TestRunner@6fa51cd4]" started-at="2024-09-06T13:37:58 IST" name="runScenario" description="Runs Cucumber Scenarios" data-provider="scenarios" finished-at="2024-09-06T13:37:58 IST" duration-ms="426" status="PASS">
          <params>
            <param index="0">
              <value>
                <![CDATA["Update user details"]]>
              </value>
            </param>
            <param index="1">
              <value>
                <![CDATA["API Testing with Rest Assured"]]>
              </value>
            </param>
          </params>
          <reporter-output>
          </reporter-output>
        </test-method> <!-- runScenario -->
        <test-method signature="runScenario(io.cucumber.testng.PickleWrapper,io.cucumber.testng.FeatureWrapper)[pri:0, instance:TestRunners.TestRunner@6fa51cd4]" started-at="2024-09-06T13:37:58 IST" name="runScenario" description="Runs Cucumber Scenarios" data-provider="scenarios" finished-at="2024-09-06T13:37:59 IST" duration-ms="217" status="PASS">
          <params>
            <param index="0">
              <value>
                <![CDATA["Delete a user"]]>
              </value>
            </param>
            <param index="1">
              <value>
                <![CDATA["API Testing with Rest Assured"]]>
              </value>
            </param>
          </params>
          <reporter-output>
          </reporter-output>
        </test-method> <!-- runScenario -->
        <test-method signature="runScenario(io.cucumber.testng.PickleWrapper,io.cucumber.testng.FeatureWrapper)[pri:0, instance:TestRunners.TestRunner@6fa51cd4]" started-at="2024-09-06T13:37:59 IST" name="runScenario" description="Runs Cucumber Scenarios" data-provider="scenarios" finished-at="2024-09-06T13:37:59 IST" duration-ms="271" status="PASS">
          <params>
            <param index="0">
              <value>
                <![CDATA["Post a movie"]]>
              </value>
            </param>
            <param index="1">
              <value>
                <![CDATA["API Testing with Rest Assured"]]>
              </value>
            </param>
          </params>
          <reporter-output>
          </reporter-output>
        </test-method> <!-- runScenario -->
        <test-method signature="runScenario(io.cucumber.testng.PickleWrapper,io.cucumber.testng.FeatureWrapper)[pri:0, instance:TestRunners.TestRunner@6fa51cd4]" started-at="2024-09-06T13:37:59 IST" name="runScenario" description="Runs Cucumber Scenarios" data-provider="scenarios" finished-at="2024-09-06T13:37:59 IST" duration-ms="156" status="PASS">
          <params>
            <param index="0">
              <value>
                <![CDATA["Get a movie by ID"]]>
              </value>
            </param>
            <param index="1">
              <value>
                <![CDATA["API Testing with Rest Assured"]]>
              </value>
            </param>
          </params>
          <reporter-output>
          </reporter-output>
        </test-method> <!-- runScenario -->
        <test-method signature="runScenario(io.cucumber.testng.PickleWrapper,io.cucumber.testng.FeatureWrapper)[pri:0, instance:TestRunners.TestRunner@6fa51cd4]" started-at="2024-09-06T13:37:59 IST" name="runScenario" description="Runs Cucumber Scenarios" data-provider="scenarios" finished-at="2024-09-06T13:37:59 IST" duration-ms="273" status="PASS">
          <params>
            <param index="0">
              <value>
                <![CDATA["Post a rental"]]>
              </value>
            </param>
            <param index="1">
              <value>
                <![CDATA["API Testing with Rest Assured"]]>
              </value>
            </param>
          </params>
          <reporter-output>
          </reporter-output>
        </test-method> <!-- runScenario -->
        <test-method signature="runScenario(io.cucumber.testng.PickleWrapper,io.cucumber.testng.FeatureWrapper)[pri:0, instance:TestRunners.TestRunner@6fa51cd4]" started-at="2024-09-06T13:37:59 IST" name="runScenario" description="Runs Cucumber Scenarios" data-provider="scenarios" finished-at="2024-09-06T13:38:00 IST" duration-ms="337" status="PASS">
          <params>
            <param index="0">
              <value>
                <![CDATA["Get all rentals"]]>
              </value>
            </param>
            <param index="1">
              <value>
                <![CDATA["API Testing with Rest Assured"]]>
              </value>
            </param>
          </params>
          <reporter-output>
          </reporter-output>
        </test-method> <!-- runScenario -->
        <test-method is-config="true" signature="tearDownClass()[pri:0, instance:TestRunners.TestRunner@6fa51cd4]" started-at="2024-09-06T13:38:00 IST" name="tearDownClass" finished-at="2024-09-06T13:38:00 IST" duration-ms="496" status="PASS">
          <reporter-output>
          </reporter-output>
        </test-method> <!-- tearDownClass -->
      </class> <!-- TestRunners.TestRunner -->
    </test> <!-- Default test -->
  </suite> <!-- Default suite -->
</testng-results>
